2023-04-27 18:21:39,987 [restartedMain] INFO  ca.skylinedata.App - Starting App using Java 17.0.6 on LAPTOP-I5LIEQ6S with PID 1840 (C:\Users\Asus\OneDrive\Desktop\springboot-notes-app-main\target\classes started by Asus in C:\Users\Asus\OneDrive\Desktop\springboot-notes-app-main)
2023-04-27 18:21:39,990 [restartedMain] INFO  ca.skylinedata.App - The following 1 profile is active: "windows"
2023-04-27 18:21:41,722 [restartedMain] INFO  o.a.coyote.http11.Http11NioProtocol - Initializing ProtocolHandler ["http-nio-8081"]
2023-04-27 18:21:41,724 [restartedMain] INFO  o.a.catalina.core.StandardService - Starting service [Tomcat]
2023-04-27 18:21:41,725 [restartedMain] INFO  o.a.catalina.core.StandardEngine - Starting Servlet engine: [Apache Tomcat/9.0.65]
2023-04-27 18:21:41,820 [restartedMain] INFO  o.a.c.c.C.[Tomcat].[localhost].[/] - Initializing Spring embedded WebApplicationContext
2023-04-27 18:21:42,091 [restartedMain] INFO  o.h.jpa.internal.util.LogHelper - HHH000204: Processing PersistenceUnitInfo [name: default]
2023-04-27 18:21:42,146 [restartedMain] INFO  org.hibernate.Version - HHH000412: Hibernate ORM core version 5.6.10.Final
2023-04-27 18:21:42,332 [restartedMain] INFO  o.h.annotations.common.Version - HCANN000001: Hibernate Commons Annotations {5.1.2.Final}
2023-04-27 18:21:42,430 [restartedMain] INFO  org.hibernate.dialect.Dialect - HHH000400: Using dialect: org.sqlite.hibernate.dialect.SQLiteDialect
2023-04-27 18:21:42,477 [restartedMain] INFO  com.zaxxer.hikari.HikariDataSource - HikariPool-1 - Starting...
2023-04-27 18:21:42,580 [restartedMain] INFO  com.zaxxer.hikari.HikariDataSource - HikariPool-1 - Start completed.
2023-04-27 18:21:42,589 [restartedMain] INFO  org.hibernate.dialect.Dialect - HHH000400: Using dialect: org.sqlite.hibernate.dialect.SQLiteDialect
2023-04-27 18:21:43,127 [restartedMain] INFO  o.h.e.t.j.p.i.JtaPlatformInitiator - HHH000490: Using JtaPlatform implementation: [org.hibernate.engine.transaction.jta.platform.internal.NoJtaPlatform]
2023-04-27 18:21:43,652 [restartedMain] WARN  o.s.b.a.o.j.JpaBaseConfiguration$JpaWebConfiguration - spring.jpa.open-in-view is enabled by default. Therefore, database queries may be performed during view rendering. Explicitly configure spring.jpa.open-in-view to disable this warning
2023-04-27 18:21:44,366 [restartedMain] INFO  o.a.coyote.http11.Http11NioProtocol - Starting ProtocolHandler ["http-nio-8081"]
2023-04-27 18:21:44,405 [restartedMain] INFO  ca.skylinedata.App - Started App in 4.809 seconds (JVM running for 5.655)
2023-04-27 18:21:44,565 [restartedMain] INFO  ca.skylinedata.util.Util - Notes in the DB: 2
2023-04-27 18:21:53,884 [http-nio-8081-exec-1] INFO  o.a.c.c.C.[Tomcat].[localhost].[/] - Initializing Spring DispatcherServlet 'dispatcherServlet'
2023-04-27 18:27:40,739 [http-nio-8081-exec-5] INFO  c.s.controller.NoteController - NOTE EXPORT: Note[id=4, author='null', shared='null', category='null', name='null', text='null', htmlSnippet='null', html='null', dtModified='null']
2023-04-27 18:27:41,188 [http-nio-8081-exec-5] INFO  ca.skylinedata.util.Util - Processing note 4, page 1, add header/footer
2023-04-27 18:27:41,201 [http-nio-8081-exec-5] INFO  ca.skylinedata.util.Util - PDF Created: C:\Users\Asus\AppData\Local\Temp\/Bug#2.pdf
2023-04-27 18:27:41,201 [http-nio-8081-exec-5] INFO  c.s.controller.NoteController - NOTE EXPORT: Note[id=11, author='null', shared='null', category='null', name='null', text='null', htmlSnippet='null', html='null', dtModified='null']
2023-04-27 18:27:41,241 [http-nio-8081-exec-5] INFO  ca.skylinedata.util.Util - Processing note 11, page 1, add header/footer
2023-04-27 18:27:41,244 [http-nio-8081-exec-5] INFO  ca.skylinedata.util.Util - PDF Created: C:\Users\Asus\AppData\Local\Temp\/Bug#3.pdf
2023-04-27 18:27:41,245 [http-nio-8081-exec-5] INFO  ca.skylinedata.util.Util - NOTE EXPORT: C:\Users\Asus\AppData\Local\Temp\/tmp_export.zip
2023-04-27 18:29:32,919 [http-nio-8081-exec-2] INFO  c.s.controller.NoteController - search by KEYWORD:Thomas
2023-04-27 18:29:32,920 [http-nio-8081-exec-2] INFO  c.s.controller.NoteController - search by CAT:
2023-04-27 18:30:06,894 [http-nio-8081-exec-6] INFO  c.s.controller.NoteController - search by KEYWORD:Thomas
2023-04-27 18:30:06,894 [http-nio-8081-exec-6] INFO  c.s.controller.NoteController - search by CAT:
